[2023-03-25 01:47:11,006] root - INFO - Training pipleine config: TrainingPipelineConfig(artifact_dir='E:\\Youtube Playlist\\Shivan Roy (EngineeringWala Bhaiya)\\Data Science Project\\Assignment (Week 3)\\Repo\\config_data_ingestion\\traveling\\artifact')
[2023-03-25 01:47:11,006] root - INFO - Training pipleine config: TrainingPipelineConfig(artifact_dir='E:\\Youtube Playlist\\Shivan Roy (EngineeringWala Bhaiya)\\Data Science Project\\Assignment (Week 3)\\Repo\\config_data_ingestion\\traveling\\artifact')
[2023-03-25 01:47:11,006] root - INFO - Data Ingestion config: DataIngestionConfig(dataset_download_url='https://raw.githubusercontent.com/Shivan118/Main-Branching/main/TourismData.csv', tgz_download_dir='E:\\Youtube Playlist\\Shivan Roy (EngineeringWala Bhaiya)\\Data Science Project\\Assignment (Week 3)\\Repo\\config_data_ingestion\\traveling\\artifact\\data_ingestion\\2023-03-25-01-47-09\\tgz_data', raw_data_dir='E:\\Youtube Playlist\\Shivan Roy (EngineeringWala Bhaiya)\\Data Science Project\\Assignment (Week 3)\\Repo\\config_data_ingestion\\traveling\\artifact\\data_ingestion\\2023-03-25-01-47-09\\raw_data', ingested_train_dir='E:\\Youtube Playlist\\Shivan Roy (EngineeringWala Bhaiya)\\Data Science Project\\Assignment (Week 3)\\Repo\\config_data_ingestion\\traveling\\artifact\\data_ingestion\\2023-03-25-01-47-09\\ingested_data\\train', ingested_test_dir='E:\\Youtube Playlist\\Shivan Roy (EngineeringWala Bhaiya)\\Data Science Project\\Assignment (Week 3)\\Repo\\config_data_ingestion\\traveling\\artifact\\data_ingestion\\2023-03-25-01-47-09\\ingested_data\\test')
[2023-03-25 01:47:11,006] root - INFO - >>>>>>>>>>>>>>>>>>>>>>>>>>>>>>>>>>>>>>>>Data Ingestion log started.<<<<<<<<<<<<<<<<<<<<<<<<<<<<<<<<<<<<<<<< 
[2023-03-25 01:47:11,006] root - INFO - Downloading file from :[https://raw.githubusercontent.com/Shivan118/Main-Branching/main/TourismData.csv] into :[E:\Youtube Playlist\Shivan Roy (EngineeringWala Bhaiya)\Data Science Project\Assignment (Week 3)\Repo\config_data_ingestion\traveling\artifact\data_ingestion\2023-03-25-01-47-09\tgz_data\TourismData.csv]
[2023-03-25 01:47:11,454] root - INFO - File :[E:\Youtube Playlist\Shivan Roy (EngineeringWala Bhaiya)\Data Science Project\Assignment (Week 3)\Repo\config_data_ingestion\traveling\artifact\data_ingestion\2023-03-25-01-47-09\tgz_data\TourismData.csv] has been downloaded successfully.
[2023-03-25 01:47:11,454] root - INFO - Extracting tgz file: [E:\Youtube Playlist\Shivan Roy (EngineeringWala Bhaiya)\Data Science Project\Assignment (Week 3)\Repo\config_data_ingestion\traveling\artifact\data_ingestion\2023-03-25-01-47-09\tgz_data\TourismData.csv] into dir: [E:\Youtube Playlist\Shivan Roy (EngineeringWala Bhaiya)\Data Science Project\Assignment (Week 3)\Repo\config_data_ingestion\traveling\artifact\data_ingestion\2023-03-25-01-47-09\raw_data]
[2023-03-25 01:47:11,454] root - INFO - Extraction completed
[2023-03-25 01:47:11,454] root - INFO - Reading csv file: [E:\Youtube Playlist\Shivan Roy (EngineeringWala Bhaiya)\Data Science Project\Assignment (Week 3)\Repo\config_data_ingestion\traveling\artifact\data_ingestion\2023-03-25-01-47-09\raw_data\TourismData.csv]
[2023-03-25 01:47:11,485] root - INFO - Splitting data into train and test
[2023-03-25 01:47:11,509] root - ERROR - 
        Error occured in script: 
        [ E:\Youtube Playlist\Shivan Roy (EngineeringWala Bhaiya)\Data Science Project\Assignment (Week 3)\Repo\config_data_ingestion\travelling\pipeline\pipeline.py ] at 
        try block line number: [36] and exception block line number: [39] 
        error message: [
        Error occured in script: 
        [ E:\Youtube Playlist\Shivan Roy (EngineeringWala Bhaiya)\Data Science Project\Assignment (Week 3)\Repo\config_data_ingestion\travelling\pipeline\pipeline.py ] at 
        try block line number: [27] and exception block line number: [29] 
        error message: [
        Error occured in script: 
        [ E:\Youtube Playlist\Shivan Roy (EngineeringWala Bhaiya)\Data Science Project\Assignment (Week 3)\Repo\config_data_ingestion\travelling\components\data_ingestion.py ] at 
        try block line number: [122] and exception block line number: [124] 
        error message: [
        Error occured in script: 
        [ E:\Youtube Playlist\Shivan Roy (EngineeringWala Bhaiya)\Data Science Project\Assignment (Week 3)\Repo\config_data_ingestion\travelling\components\data_ingestion.py ] at 
        try block line number: [88] and exception block line number: [116] 
        error message: ["['CustomerIDID'] not found in axis"]
        ]
        ]
        ]
        
